[4.246s] Invoking command in '/home/ws2/build/my_robot_controller': PYTHONPATH=/home/ws2/build/my_robot_controller/prefix_override:/usr/lib/python3/dist-packages/colcon_core/task/python/colcon_distutils_commands:/home/ws2/install/my_robot_controller/lib/python3.10/site-packages:${PYTHONPATH} /usr/bin/python3 -W ignore:setup.py install is deprecated setup.py develop --editable --build-directory /home/ws2/build/my_robot_controller/build --no-deps symlink_data
[5.840s] running develop
[5.842s] /usr/lib/python3/dist-packages/setuptools/command/easy_install.py:158: EasyInstallDeprecationWarning: easy_install command is deprecated. Use build and pip and other standards-based tools.
[5.843s]   warnings.warn(
[6.431s] running egg_info
[6.434s] writing my_robot_controller.egg-info/PKG-INFO
[6.442s] writing dependency_links to my_robot_controller.egg-info/dependency_links.txt
[6.450s] writing entry points to my_robot_controller.egg-info/entry_points.txt
[6.456s] writing requirements to my_robot_controller.egg-info/requires.txt
[6.461s] writing top-level names to my_robot_controller.egg-info/top_level.txt
[6.571s] reading manifest file 'my_robot_controller.egg-info/SOURCES.txt'
[6.757s] writing manifest file 'my_robot_controller.egg-info/SOURCES.txt'
[6.777s] running build_ext
[6.784s] Creating /home/ws2/install/my_robot_controller/lib/python3.10/site-packages/my-robot-controller.egg-link (link to .)
[6.821s] Installing draw_circle script to /home/ws2/install/my_robot_controller/lib/my_robot_controller
[6.857s] Installing pose_subscriber script to /home/ws2/install/my_robot_controller/lib/my_robot_controller
[6.895s] Installing test_node script to /home/ws2/install/my_robot_controller/lib/my_robot_controller
[6.932s] Installing turtle_controller script to /home/ws2/install/my_robot_controller/lib/my_robot_controller
[6.974s] 
[6.975s] Installed /home/ws2/build/my_robot_controller
[6.980s] running symlink_data
[7.112s] Invoked command in '/home/ws2/build/my_robot_controller' returned '0': PYTHONPATH=/home/ws2/build/my_robot_controller/prefix_override:/usr/lib/python3/dist-packages/colcon_core/task/python/colcon_distutils_commands:/home/ws2/install/my_robot_controller/lib/python3.10/site-packages:${PYTHONPATH} /usr/bin/python3 -W ignore:setup.py install is deprecated setup.py develop --editable --build-directory /home/ws2/build/my_robot_controller/build --no-deps symlink_data
