[4.912s] Invoking command in '/home/ws2/build/my_robot_controller': PYTHONPATH=/home/ws2/build/my_robot_controller/prefix_override:/usr/lib/python3/dist-packages/colcon_core/task/python/colcon_distutils_commands:/home/ws2/install/my_robot_controller/lib/python3.10/site-packages:${PYTHONPATH} /usr/bin/python3 -W ignore:setup.py install is deprecated setup.py develop --editable --build-directory /home/ws2/build/my_robot_controller/build --no-deps symlink_data --force
[6.696s] running develop
[6.701s] /usr/lib/python3/dist-packages/setuptools/command/easy_install.py:158: EasyInstallDeprecationWarning: easy_install command is deprecated. Use build and pip and other standards-based tools.
[6.705s]   warnings.warn(
[7.264s] running egg_info
[7.274s] writing my_robot_controller.egg-info/PKG-INFO
[7.287s] writing dependency_links to my_robot_controller.egg-info/dependency_links.txt
[7.296s] writing entry points to my_robot_controller.egg-info/entry_points.txt
[7.308s] writing requirements to my_robot_controller.egg-info/requires.txt
[7.314s] writing top-level names to my_robot_controller.egg-info/top_level.txt
[7.395s] reading manifest file 'my_robot_controller.egg-info/SOURCES.txt'
[7.554s] writing manifest file 'my_robot_controller.egg-info/SOURCES.txt'
[7.577s] running build_ext
[7.580s] Creating /home/ws2/install/my_robot_controller/lib/python3.10/site-packages/my-robot-controller.egg-link (link to .)
[7.638s] Installing test_node script to /home/ws2/install/my_robot_controller/lib/my_robot_controller
[7.701s] 
[7.707s] Installed /home/ws2/build/my_robot_controller
[7.714s] running symlink_data
[7.771s] symbolically linking /home/ws2/build/my_robot_controller/resource/my_robot_controller -> /home/ws2/install/my_robot_controller/share/ament_index/resource_index/packages
[7.829s] symbolically linking /home/ws2/build/my_robot_controller/package.xml -> /home/ws2/install/my_robot_controller/share/my_robot_controller
[7.902s] Invoked command in '/home/ws2/build/my_robot_controller' returned '0': PYTHONPATH=/home/ws2/build/my_robot_controller/prefix_override:/usr/lib/python3/dist-packages/colcon_core/task/python/colcon_distutils_commands:/home/ws2/install/my_robot_controller/lib/python3.10/site-packages:${PYTHONPATH} /usr/bin/python3 -W ignore:setup.py install is deprecated setup.py develop --editable --build-directory /home/ws2/build/my_robot_controller/build --no-deps symlink_data --force
