[0.666s] DEBUG:colcon:Command line arguments: ['/usr/bin/colcon', 'build', '--symlink-install']
[0.666s] DEBUG:colcon:Parsed command line arguments: Namespace(log_base=None, log_level=None, verb_name='build', build_base='build', install_base='install', merge_install=False, symlink_install=True, test_result_base=None, continue_on_error=False, executor='parallel', parallel_workers=8, event_handlers=None, ignore_user_meta=False, metas=['./colcon.meta'], base_paths=['.'], packages_ignore=None, packages_ignore_regex=None, paths=None, packages_up_to=None, packages_up_to_regex=None, packages_above=None, packages_above_and_dependencies=None, packages_above_depth=None, packages_select_by_dep=None, packages_skip_by_dep=None, packages_skip_up_to=None, packages_select_build_failed=False, packages_skip_build_finished=False, packages_select_test_failures=False, packages_skip_test_passed=False, packages_select=None, packages_skip=None, packages_select_regex=None, packages_skip_regex=None, packages_start=None, packages_end=None, cmake_args=None, cmake_target=None, cmake_target_skip_unavailable=False, cmake_clean_cache=False, cmake_clean_first=False, cmake_force_configure=False, ament_cmake_args=None, catkin_cmake_args=None, catkin_skip_building_tests=False, mixin_files=None, mixin=None, verb_parser=<colcon_mixin.mixin.mixin_argument.MixinArgumentDecorator object at 0x7f2c245e8700>, verb_extension=<colcon_core.verb.build.BuildVerb object at 0x7f2c245e8250>, main=<bound method BuildVerb.main of <colcon_core.verb.build.BuildVerb object at 0x7f2c245e8250>>, mixin_verb=('build',))
[1.407s] Level 1:colcon.colcon_core.package_discovery:discover_packages(colcon_meta) check parameters
[1.408s] Level 1:colcon.colcon_core.package_discovery:discover_packages(recursive) check parameters
[1.408s] Level 1:colcon.colcon_core.package_discovery:discover_packages(ignore) check parameters
[1.408s] Level 1:colcon.colcon_core.package_discovery:discover_packages(path) check parameters
[1.409s] Level 1:colcon.colcon_core.package_discovery:discover_packages(colcon_meta) discover
[1.409s] Level 1:colcon.colcon_core.package_discovery:discover_packages(recursive) discover
[1.410s] INFO:colcon.colcon_core.package_discovery:Crawling recursively for packages in '/home/ws2'
[1.413s] Level 1:colcon.colcon_core.package_identification:_identify(.) by extensions ['ignore', 'ignore_ament_install']
[1.413s] Level 1:colcon.colcon_core.package_identification:_identify(.) by extension 'ignore'
[1.414s] Level 1:colcon.colcon_core.package_identification:_identify(.) by extension 'ignore_ament_install'
[1.415s] Level 1:colcon.colcon_core.package_identification:_identify(.) by extensions ['colcon_pkg']
[1.415s] Level 1:colcon.colcon_core.package_identification:_identify(.) by extension 'colcon_pkg'
[1.416s] Level 1:colcon.colcon_core.package_identification:_identify(.) by extensions ['colcon_meta']
[1.417s] Level 1:colcon.colcon_core.package_identification:_identify(.) by extension 'colcon_meta'
[1.417s] Level 1:colcon.colcon_core.package_identification:_identify(.) by extensions ['ros']
[1.417s] Level 1:colcon.colcon_core.package_identification:_identify(.) by extension 'ros'
[1.468s] Level 1:colcon.colcon_core.package_identification:_identify(.) by extensions ['cmake', 'python']
[1.468s] Level 1:colcon.colcon_core.package_identification:_identify(.) by extension 'cmake'
[1.469s] Level 1:colcon.colcon_core.package_identification:_identify(.) by extension 'python'
[1.470s] Level 1:colcon.colcon_core.package_identification:_identify(.) by extensions ['python_setup_py']
[1.470s] Level 1:colcon.colcon_core.package_identification:_identify(.) by extension 'python_setup_py'
[1.475s] Level 1:colcon.colcon_core.package_identification:_identify(build) by extensions ['ignore', 'ignore_ament_install']
[1.476s] Level 1:colcon.colcon_core.package_identification:_identify(build) by extension 'ignore'
[1.478s] Level 1:colcon.colcon_core.package_identification:_identify(build) ignored
[1.483s] Level 1:colcon.colcon_core.package_identification:_identify(install) by extensions ['ignore', 'ignore_ament_install']
[1.484s] Level 1:colcon.colcon_core.package_identification:_identify(install) by extension 'ignore'
[1.486s] Level 1:colcon.colcon_core.package_identification:_identify(install) ignored
[1.496s] Level 1:colcon.colcon_core.package_identification:_identify(log) by extensions ['ignore', 'ignore_ament_install']
[1.497s] Level 1:colcon.colcon_core.package_identification:_identify(log) by extension 'ignore'
[1.498s] Level 1:colcon.colcon_core.package_identification:_identify(log) ignored
[1.503s] Level 1:colcon.colcon_core.package_identification:_identify(src) by extensions ['ignore', 'ignore_ament_install']
[1.503s] Level 1:colcon.colcon_core.package_identification:_identify(src) by extension 'ignore'
[1.505s] Level 1:colcon.colcon_core.package_identification:_identify(src) by extension 'ignore_ament_install'
[1.508s] Level 1:colcon.colcon_core.package_identification:_identify(src) by extensions ['colcon_pkg']
[1.508s] Level 1:colcon.colcon_core.package_identification:_identify(src) by extension 'colcon_pkg'
[1.510s] Level 1:colcon.colcon_core.package_identification:_identify(src) by extensions ['colcon_meta']
[1.510s] Level 1:colcon.colcon_core.package_identification:_identify(src) by extension 'colcon_meta'
[1.512s] Level 1:colcon.colcon_core.package_identification:_identify(src) by extensions ['ros']
[1.512s] Level 1:colcon.colcon_core.package_identification:_identify(src) by extension 'ros'
[1.519s] Level 1:colcon.colcon_core.package_identification:_identify(src) by extensions ['cmake', 'python']
[1.519s] Level 1:colcon.colcon_core.package_identification:_identify(src) by extension 'cmake'
[1.521s] Level 1:colcon.colcon_core.package_identification:_identify(src) by extension 'python'
[1.522s] Level 1:colcon.colcon_core.package_identification:_identify(src) by extensions ['python_setup_py']
[1.523s] Level 1:colcon.colcon_core.package_identification:_identify(src) by extension 'python_setup_py'
[1.532s] Level 1:colcon.colcon_core.package_identification:_identify(src/my_robot_controller) by extensions ['ignore', 'ignore_ament_install']
[1.532s] Level 1:colcon.colcon_core.package_identification:_identify(src/my_robot_controller) by extension 'ignore'
[1.534s] Level 1:colcon.colcon_core.package_identification:_identify(src/my_robot_controller) by extension 'ignore_ament_install'
[1.539s] Level 1:colcon.colcon_core.package_identification:_identify(src/my_robot_controller) by extensions ['colcon_pkg']
[1.539s] Level 1:colcon.colcon_core.package_identification:_identify(src/my_robot_controller) by extension 'colcon_pkg'
[1.542s] Level 1:colcon.colcon_core.package_identification:_identify(src/my_robot_controller) by extensions ['colcon_meta']
[1.542s] Level 1:colcon.colcon_core.package_identification:_identify(src/my_robot_controller) by extension 'colcon_meta'
[1.546s] Level 1:colcon.colcon_core.package_identification:_identify(src/my_robot_controller) by extensions ['ros']
[1.546s] Level 1:colcon.colcon_core.package_identification:_identify(src/my_robot_controller) by extension 'ros'
[1.611s] DEBUG:colcon.colcon_core.package_identification:Package 'src/my_robot_controller' with type 'ros.ament_python' and name 'my_robot_controller'
[1.612s] Level 1:colcon.colcon_core.package_discovery:discover_packages(recursive) using defaults
[1.612s] Level 1:colcon.colcon_core.package_discovery:discover_packages(ignore) discover
[1.613s] Level 1:colcon.colcon_core.package_discovery:discover_packages(ignore) using defaults
[1.613s] Level 1:colcon.colcon_core.package_discovery:discover_packages(path) discover
[1.613s] Level 1:colcon.colcon_core.package_discovery:discover_packages(path) using defaults
[1.793s] Level 5:colcon.colcon_core.verb:set package 'my_robot_controller' build argument 'cmake_args' from command line to 'None'
[1.794s] Level 5:colcon.colcon_core.verb:set package 'my_robot_controller' build argument 'cmake_target' from command line to 'None'
[1.794s] Level 5:colcon.colcon_core.verb:set package 'my_robot_controller' build argument 'cmake_target_skip_unavailable' from command line to 'False'
[1.795s] Level 5:colcon.colcon_core.verb:set package 'my_robot_controller' build argument 'cmake_clean_cache' from command line to 'False'
[1.795s] Level 5:colcon.colcon_core.verb:set package 'my_robot_controller' build argument 'cmake_clean_first' from command line to 'False'
[1.795s] Level 5:colcon.colcon_core.verb:set package 'my_robot_controller' build argument 'cmake_force_configure' from command line to 'False'
[1.796s] Level 5:colcon.colcon_core.verb:set package 'my_robot_controller' build argument 'ament_cmake_args' from command line to 'None'
[1.796s] Level 5:colcon.colcon_core.verb:set package 'my_robot_controller' build argument 'catkin_cmake_args' from command line to 'None'
[1.797s] Level 5:colcon.colcon_core.verb:set package 'my_robot_controller' build argument 'catkin_skip_building_tests' from command line to 'False'
[1.797s] DEBUG:colcon.colcon_core.verb:Building package 'my_robot_controller' with the following arguments: {'ament_cmake_args': None, 'build_base': '/home/ws2/build/my_robot_controller', 'catkin_cmake_args': None, 'catkin_skip_building_tests': False, 'cmake_args': None, 'cmake_clean_cache': False, 'cmake_clean_first': False, 'cmake_force_configure': False, 'cmake_target': None, 'cmake_target_skip_unavailable': False, 'install_base': '/home/ws2/install/my_robot_controller', 'merge_install': False, 'path': '/home/ws2/src/my_robot_controller', 'symlink_install': True, 'test_result_base': None}
[1.798s] INFO:colcon.colcon_core.executor:Executing jobs using 'parallel' executor
[1.800s] DEBUG:colcon.colcon_parallel_executor.executor.parallel:run_until_complete
[1.801s] INFO:colcon.colcon_ros.task.ament_python.build:Building ROS package in '/home/ws2/src/my_robot_controller' with build type 'ament_python'
[1.802s] Level 1:colcon.colcon_core.shell:create_environment_hook('my_robot_controller', 'ament_prefix_path')
[1.832s] INFO:colcon.colcon_core.plugin_system:Skipping extension 'colcon_core.shell.bat': Not used on non-Windows systems
[1.833s] INFO:colcon.colcon_core.shell:Creating environment hook '/home/ws2/install/my_robot_controller/share/my_robot_controller/hook/ament_prefix_path.ps1'
[1.863s] INFO:colcon.colcon_core.shell:Creating environment descriptor '/home/ws2/install/my_robot_controller/share/my_robot_controller/hook/ament_prefix_path.dsv'
[1.891s] INFO:colcon.colcon_core.shell:Creating environment hook '/home/ws2/install/my_robot_controller/share/my_robot_controller/hook/ament_prefix_path.sh'
[1.965s] INFO:colcon.colcon_core.shell:Skip shell extension 'powershell' for command environment: Not usable outside of PowerShell
[1.965s] DEBUG:colcon.colcon_core.shell:Skip shell extension 'dsv' for command environment
[3.393s] INFO:colcon.colcon_core.task.python.build:Building Python package in '/home/ws2/src/my_robot_controller'
[3.394s] INFO:colcon.colcon_core.shell:Skip shell extension 'powershell' for command environment: Not usable outside of PowerShell
[3.395s] DEBUG:colcon.colcon_core.shell:Skip shell extension 'dsv' for command environment
[6.052s] DEBUG:colcon.colcon_core.event_handler.log_command:Invoking command in '/home/ws2/build/my_robot_controller': PYTHONPATH=/home/ws2/build/my_robot_controller/prefix_override:/usr/lib/python3/dist-packages/colcon_core/task/python/colcon_distutils_commands:/home/ws2/install/my_robot_controller/lib/python3.10/site-packages:${PYTHONPATH} /usr/bin/python3 -W ignore:setup.py install is deprecated setup.py develop --editable --build-directory /home/ws2/build/my_robot_controller/build --no-deps symlink_data
[8.915s] Level 1:colcon.colcon_core.shell:create_environment_hook('my_robot_controller', 'pythonpath_develop')
[8.916s] INFO:colcon.colcon_core.shell:Creating environment hook '/home/ws2/build/my_robot_controller/share/my_robot_controller/hook/pythonpath_develop.ps1'
[8.917s] DEBUG:colcon.colcon_core.event_handler.log_command:Invoked command in '/home/ws2/build/my_robot_controller' returned '0': PYTHONPATH=/home/ws2/build/my_robot_controller/prefix_override:/usr/lib/python3/dist-packages/colcon_core/task/python/colcon_distutils_commands:/home/ws2/install/my_robot_controller/lib/python3.10/site-packages:${PYTHONPATH} /usr/bin/python3 -W ignore:setup.py install is deprecated setup.py develop --editable --build-directory /home/ws2/build/my_robot_controller/build --no-deps symlink_data
[8.944s] INFO:colcon.colcon_core.shell:Creating environment descriptor '/home/ws2/build/my_robot_controller/share/my_robot_controller/hook/pythonpath_develop.dsv'
[8.972s] INFO:colcon.colcon_core.shell:Creating environment hook '/home/ws2/build/my_robot_controller/share/my_robot_controller/hook/pythonpath_develop.sh'
[9.032s] Level 1:colcon.colcon_core.environment:checking '/home/ws2/install/my_robot_controller' for CMake module files
[9.163s] Level 1:colcon.colcon_core.environment:checking '/home/ws2/install/my_robot_controller' for CMake config files
[9.323s] Level 1:colcon.colcon_core.environment:checking '/home/ws2/install/my_robot_controller/lib'
[9.332s] Level 1:colcon.colcon_core.environment:checking '/home/ws2/install/my_robot_controller/bin'
[9.335s] Level 1:colcon.colcon_core.environment:checking '/home/ws2/install/my_robot_controller/lib/pkgconfig/my_robot_controller.pc'
[9.339s] Level 1:colcon.colcon_core.environment:checking '/home/ws2/install/my_robot_controller/lib/python3.10/site-packages'
[9.344s] Level 1:colcon.colcon_core.shell:create_environment_hook('my_robot_controller', 'pythonpath')
[9.345s] INFO:colcon.colcon_core.shell:Creating environment hook '/home/ws2/install/my_robot_controller/share/my_robot_controller/hook/pythonpath.ps1'
[9.373s] INFO:colcon.colcon_core.shell:Creating environment descriptor '/home/ws2/install/my_robot_controller/share/my_robot_controller/hook/pythonpath.dsv'
[9.401s] INFO:colcon.colcon_core.shell:Creating environment hook '/home/ws2/install/my_robot_controller/share/my_robot_controller/hook/pythonpath.sh'
[9.429s] Level 1:colcon.colcon_core.environment:checking '/home/ws2/install/my_robot_controller/bin'
[9.431s] Level 1:colcon.colcon_core.environment:create_environment_scripts_only(my_robot_controller)
[9.432s] INFO:colcon.colcon_core.shell:Creating package script '/home/ws2/install/my_robot_controller/share/my_robot_controller/package.ps1'
[9.457s] INFO:colcon.colcon_core.shell:Creating package descriptor '/home/ws2/install/my_robot_controller/share/my_robot_controller/package.dsv'
[9.481s] INFO:colcon.colcon_core.shell:Creating package script '/home/ws2/install/my_robot_controller/share/my_robot_controller/package.sh'
[9.505s] INFO:colcon.colcon_core.shell:Creating package script '/home/ws2/install/my_robot_controller/share/my_robot_controller/package.bash'
[9.532s] INFO:colcon.colcon_core.shell:Creating package script '/home/ws2/install/my_robot_controller/share/my_robot_controller/package.zsh'
[9.556s] Level 1:colcon.colcon_core.environment:create_file_with_runtime_dependencies(/home/ws2/install/my_robot_controller/share/colcon-core/packages/my_robot_controller)
[9.574s] DEBUG:colcon.colcon_parallel_executor.executor.parallel:closing loop
[9.574s] DEBUG:colcon.colcon_parallel_executor.executor.parallel:loop closed
[9.574s] DEBUG:colcon.colcon_parallel_executor.executor.parallel:run_until_complete finished with '0'
[9.575s] DEBUG:colcon.colcon_core.event_reactor:joining thread
[9.648s] INFO:colcon.colcon_core.plugin_system:Skipping extension 'colcon_notification.desktop_notification.notify_send': Could not find 'notify-send'
[9.648s] INFO:colcon.colcon_core.plugin_system:Skipping extension 'colcon_notification.desktop_notification.terminal_notifier': Not used on non-Darwin systems
[9.649s] INFO:colcon.colcon_core.plugin_system:Skipping extension 'colcon_notification.desktop_notification.win32': Not used on non-Windows systems
[9.649s] INFO:colcon.colcon_notification.desktop_notification:Sending desktop notification using 'notify2'
[9.652s] DEBUG:colcon.colcon_notification.desktop_notification.notify2:Failed to initialize notify2: org.freedesktop.DBus.Error.Spawn.ExecFailed: /usr/bin/dbus-launch terminated abnormally without any error message
[9.653s] DEBUG:colcon.colcon_core.event_reactor:joined thread
[9.654s] INFO:colcon.colcon_core.shell:Creating prefix script '/home/ws2/install/local_setup.ps1'
[9.668s] INFO:colcon.colcon_core.shell:Creating prefix util module '/home/ws2/install/_local_setup_util_ps1.py'
[9.682s] INFO:colcon.colcon_core.shell:Creating prefix chain script '/home/ws2/install/setup.ps1'
[9.711s] INFO:colcon.colcon_core.shell:Creating prefix script '/home/ws2/install/local_setup.sh'
[9.722s] INFO:colcon.colcon_core.shell:Creating prefix util module '/home/ws2/install/_local_setup_util_sh.py'
[9.732s] INFO:colcon.colcon_core.shell:Creating prefix chain script '/home/ws2/install/setup.sh'
[9.759s] INFO:colcon.colcon_core.shell:Creating prefix script '/home/ws2/install/local_setup.bash'
[9.770s] INFO:colcon.colcon_core.shell:Creating prefix chain script '/home/ws2/install/setup.bash'
[9.797s] INFO:colcon.colcon_core.shell:Creating prefix script '/home/ws2/install/local_setup.zsh'
[9.808s] INFO:colcon.colcon_core.shell:Creating prefix chain script '/home/ws2/install/setup.zsh'
