[4.694s] Invoking command in '/home/ws2/build/my_robot_controller': PYTHONPATH=/home/ws2/build/my_robot_controller/prefix_override:/usr/lib/python3/dist-packages/colcon_core/task/python/colcon_distutils_commands:/home/ws2/install/my_robot_controller/lib/python3.10/site-packages:${PYTHONPATH} /usr/bin/python3 -W ignore:setup.py install is deprecated setup.py develop --editable --build-directory /home/ws2/build/my_robot_controller/build --no-deps symlink_data
[6.582s] running develop
[6.585s] /usr/lib/python3/dist-packages/setuptools/command/easy_install.py:158: EasyInstallDeprecationWarning: easy_install command is deprecated. Use build and pip and other standards-based tools.
[6.588s]   warnings.warn(
[7.278s] running egg_info
[7.281s] writing my_robot_controller.egg-info/PKG-INFO
[7.293s] writing dependency_links to my_robot_controller.egg-info/dependency_links.txt
[7.303s] writing entry points to my_robot_controller.egg-info/entry_points.txt
[7.311s] writing requirements to my_robot_controller.egg-info/requires.txt
[7.317s] writing top-level names to my_robot_controller.egg-info/top_level.txt
[7.440s] reading manifest file 'my_robot_controller.egg-info/SOURCES.txt'
[7.636s] writing manifest file 'my_robot_controller.egg-info/SOURCES.txt'
[7.665s] running build_ext
[7.668s] Creating /home/ws2/install/my_robot_controller/lib/python3.10/site-packages/my-robot-controller.egg-link (link to .)
[7.713s] Installing draw_circle script to /home/ws2/install/my_robot_controller/lib/my_robot_controller
[7.759s] Installing pose_subscriber script to /home/ws2/install/my_robot_controller/lib/my_robot_controller
[7.803s] Installing test_node script to /home/ws2/install/my_robot_controller/lib/my_robot_controller
[7.844s] Installing turtle_controller script to /home/ws2/install/my_robot_controller/lib/my_robot_controller
[7.886s] 
[7.889s] Installed /home/ws2/build/my_robot_controller
[7.896s] running symlink_data
[8.039s] Invoked command in '/home/ws2/build/my_robot_controller' returned '0': PYTHONPATH=/home/ws2/build/my_robot_controller/prefix_override:/usr/lib/python3/dist-packages/colcon_core/task/python/colcon_distutils_commands:/home/ws2/install/my_robot_controller/lib/python3.10/site-packages:${PYTHONPATH} /usr/bin/python3 -W ignore:setup.py install is deprecated setup.py develop --editable --build-directory /home/ws2/build/my_robot_controller/build --no-deps symlink_data
