[0.917s] DEBUG:colcon:Command line arguments: ['/usr/bin/colcon', 'build', '--symlink-install']
[0.918s] DEBUG:colcon:Parsed command line arguments: Namespace(log_base=None, log_level=None, verb_name='build', build_base='build', install_base='install', merge_install=False, symlink_install=True, test_result_base=None, continue_on_error=False, executor='parallel', parallel_workers=8, event_handlers=None, ignore_user_meta=False, metas=['./colcon.meta'], base_paths=['.'], packages_ignore=None, packages_ignore_regex=None, paths=None, packages_up_to=None, packages_up_to_regex=None, packages_above=None, packages_above_and_dependencies=None, packages_above_depth=None, packages_select_by_dep=None, packages_skip_by_dep=None, packages_skip_up_to=None, packages_select_build_failed=False, packages_skip_build_finished=False, packages_select_test_failures=False, packages_skip_test_passed=False, packages_select=None, packages_skip=None, packages_select_regex=None, packages_skip_regex=None, packages_start=None, packages_end=None, cmake_args=None, cmake_target=None, cmake_target_skip_unavailable=False, cmake_clean_cache=False, cmake_clean_first=False, cmake_force_configure=False, ament_cmake_args=None, catkin_cmake_args=None, catkin_skip_building_tests=False, mixin_files=None, mixin=None, verb_parser=<colcon_mixin.mixin.mixin_argument.MixinArgumentDecorator object at 0x7fd398480610>, verb_extension=<colcon_core.verb.build.BuildVerb object at 0x7fd398480160>, main=<bound method BuildVerb.main of <colcon_core.verb.build.BuildVerb object at 0x7fd398480160>>, mixin_verb=('build',))
[1.430s] Level 1:colcon.colcon_core.package_discovery:discover_packages(colcon_meta) check parameters
[1.432s] Level 1:colcon.colcon_core.package_discovery:discover_packages(recursive) check parameters
[1.432s] Level 1:colcon.colcon_core.package_discovery:discover_packages(ignore) check parameters
[1.433s] Level 1:colcon.colcon_core.package_discovery:discover_packages(path) check parameters
[1.433s] Level 1:colcon.colcon_core.package_discovery:discover_packages(colcon_meta) discover
[1.433s] Level 1:colcon.colcon_core.package_discovery:discover_packages(recursive) discover
[1.434s] INFO:colcon.colcon_core.package_discovery:Crawling recursively for packages in '/home/ws2'
[1.437s] Level 1:colcon.colcon_core.package_identification:_identify(.) by extensions ['ignore', 'ignore_ament_install']
[1.437s] Level 1:colcon.colcon_core.package_identification:_identify(.) by extension 'ignore'
[1.438s] Level 1:colcon.colcon_core.package_identification:_identify(.) by extension 'ignore_ament_install'
[1.439s] Level 1:colcon.colcon_core.package_identification:_identify(.) by extensions ['colcon_pkg']
[1.439s] Level 1:colcon.colcon_core.package_identification:_identify(.) by extension 'colcon_pkg'
[1.440s] Level 1:colcon.colcon_core.package_identification:_identify(.) by extensions ['colcon_meta']
[1.441s] Level 1:colcon.colcon_core.package_identification:_identify(.) by extension 'colcon_meta'
[1.441s] Level 1:colcon.colcon_core.package_identification:_identify(.) by extensions ['ros']
[1.441s] Level 1:colcon.colcon_core.package_identification:_identify(.) by extension 'ros'
[1.486s] Level 1:colcon.colcon_core.package_identification:_identify(.) by extensions ['cmake', 'python']
[1.487s] Level 1:colcon.colcon_core.package_identification:_identify(.) by extension 'cmake'
[1.487s] Level 1:colcon.colcon_core.package_identification:_identify(.) by extension 'python'
[1.488s] Level 1:colcon.colcon_core.package_identification:_identify(.) by extensions ['python_setup_py']
[1.488s] Level 1:colcon.colcon_core.package_identification:_identify(.) by extension 'python_setup_py'
[1.493s] Level 1:colcon.colcon_core.package_identification:_identify(build) by extensions ['ignore', 'ignore_ament_install']
[1.494s] Level 1:colcon.colcon_core.package_identification:_identify(build) by extension 'ignore'
[1.497s] Level 1:colcon.colcon_core.package_identification:_identify(build) ignored
[1.501s] Level 1:colcon.colcon_core.package_identification:_identify(install) by extensions ['ignore', 'ignore_ament_install']
[1.502s] Level 1:colcon.colcon_core.package_identification:_identify(install) by extension 'ignore'
[1.504s] Level 1:colcon.colcon_core.package_identification:_identify(install) ignored
[1.513s] Level 1:colcon.colcon_core.package_identification:_identify(log) by extensions ['ignore', 'ignore_ament_install']
[1.513s] Level 1:colcon.colcon_core.package_identification:_identify(log) by extension 'ignore'
[1.515s] Level 1:colcon.colcon_core.package_identification:_identify(log) ignored
[1.519s] Level 1:colcon.colcon_core.package_identification:_identify(src) by extensions ['ignore', 'ignore_ament_install']
[1.519s] Level 1:colcon.colcon_core.package_identification:_identify(src) by extension 'ignore'
[1.521s] Level 1:colcon.colcon_core.package_identification:_identify(src) by extension 'ignore_ament_install'
[1.523s] Level 1:colcon.colcon_core.package_identification:_identify(src) by extensions ['colcon_pkg']
[1.523s] Level 1:colcon.colcon_core.package_identification:_identify(src) by extension 'colcon_pkg'
[1.525s] Level 1:colcon.colcon_core.package_identification:_identify(src) by extensions ['colcon_meta']
[1.525s] Level 1:colcon.colcon_core.package_identification:_identify(src) by extension 'colcon_meta'
[1.526s] Level 1:colcon.colcon_core.package_identification:_identify(src) by extensions ['ros']
[1.527s] Level 1:colcon.colcon_core.package_identification:_identify(src) by extension 'ros'
[1.532s] Level 1:colcon.colcon_core.package_identification:_identify(src) by extensions ['cmake', 'python']
[1.533s] Level 1:colcon.colcon_core.package_identification:_identify(src) by extension 'cmake'
[1.534s] Level 1:colcon.colcon_core.package_identification:_identify(src) by extension 'python'
[1.535s] Level 1:colcon.colcon_core.package_identification:_identify(src) by extensions ['python_setup_py']
[1.536s] Level 1:colcon.colcon_core.package_identification:_identify(src) by extension 'python_setup_py'
[1.543s] Level 1:colcon.colcon_core.package_identification:_identify(src/my_robot_controller) by extensions ['ignore', 'ignore_ament_install']
[1.544s] Level 1:colcon.colcon_core.package_identification:_identify(src/my_robot_controller) by extension 'ignore'
[1.546s] Level 1:colcon.colcon_core.package_identification:_identify(src/my_robot_controller) by extension 'ignore_ament_install'
[1.549s] Level 1:colcon.colcon_core.package_identification:_identify(src/my_robot_controller) by extensions ['colcon_pkg']
[1.550s] Level 1:colcon.colcon_core.package_identification:_identify(src/my_robot_controller) by extension 'colcon_pkg'
[1.552s] Level 1:colcon.colcon_core.package_identification:_identify(src/my_robot_controller) by extensions ['colcon_meta']
[1.552s] Level 1:colcon.colcon_core.package_identification:_identify(src/my_robot_controller) by extension 'colcon_meta'
[1.555s] Level 1:colcon.colcon_core.package_identification:_identify(src/my_robot_controller) by extensions ['ros']
[1.556s] Level 1:colcon.colcon_core.package_identification:_identify(src/my_robot_controller) by extension 'ros'
[1.581s] DEBUG:colcon.colcon_core.package_identification:Package 'src/my_robot_controller' with type 'ros.ament_python' and name 'my_robot_controller'
[1.581s] Level 1:colcon.colcon_core.package_discovery:discover_packages(recursive) using defaults
[1.582s] Level 1:colcon.colcon_core.package_discovery:discover_packages(ignore) discover
[1.582s] Level 1:colcon.colcon_core.package_discovery:discover_packages(ignore) using defaults
[1.582s] Level 1:colcon.colcon_core.package_discovery:discover_packages(path) discover
[1.583s] Level 1:colcon.colcon_core.package_discovery:discover_packages(path) using defaults
[1.742s] Level 5:colcon.colcon_core.verb:set package 'my_robot_controller' build argument 'cmake_args' from command line to 'None'
[1.742s] Level 5:colcon.colcon_core.verb:set package 'my_robot_controller' build argument 'cmake_target' from command line to 'None'
[1.742s] Level 5:colcon.colcon_core.verb:set package 'my_robot_controller' build argument 'cmake_target_skip_unavailable' from command line to 'False'
[1.743s] Level 5:colcon.colcon_core.verb:set package 'my_robot_controller' build argument 'cmake_clean_cache' from command line to 'False'
[1.743s] Level 5:colcon.colcon_core.verb:set package 'my_robot_controller' build argument 'cmake_clean_first' from command line to 'False'
[1.744s] Level 5:colcon.colcon_core.verb:set package 'my_robot_controller' build argument 'cmake_force_configure' from command line to 'False'
[1.744s] Level 5:colcon.colcon_core.verb:set package 'my_robot_controller' build argument 'ament_cmake_args' from command line to 'None'
[1.744s] Level 5:colcon.colcon_core.verb:set package 'my_robot_controller' build argument 'catkin_cmake_args' from command line to 'None'
[1.745s] Level 5:colcon.colcon_core.verb:set package 'my_robot_controller' build argument 'catkin_skip_building_tests' from command line to 'False'
[1.745s] DEBUG:colcon.colcon_core.verb:Building package 'my_robot_controller' with the following arguments: {'ament_cmake_args': None, 'build_base': '/home/ws2/build/my_robot_controller', 'catkin_cmake_args': None, 'catkin_skip_building_tests': False, 'cmake_args': None, 'cmake_clean_cache': False, 'cmake_clean_first': False, 'cmake_force_configure': False, 'cmake_target': None, 'cmake_target_skip_unavailable': False, 'install_base': '/home/ws2/install/my_robot_controller', 'merge_install': False, 'path': '/home/ws2/src/my_robot_controller', 'symlink_install': True, 'test_result_base': None}
[1.746s] INFO:colcon.colcon_core.executor:Executing jobs using 'parallel' executor
[1.749s] DEBUG:colcon.colcon_parallel_executor.executor.parallel:run_until_complete
[1.750s] INFO:colcon.colcon_ros.task.ament_python.build:Building ROS package in '/home/ws2/src/my_robot_controller' with build type 'ament_python'
[1.750s] Level 1:colcon.colcon_core.shell:create_environment_hook('my_robot_controller', 'ament_prefix_path')
[1.776s] INFO:colcon.colcon_core.plugin_system:Skipping extension 'colcon_core.shell.bat': Not used on non-Windows systems
[1.777s] INFO:colcon.colcon_core.shell:Creating environment hook '/home/ws2/install/my_robot_controller/share/my_robot_controller/hook/ament_prefix_path.ps1'
[1.807s] INFO:colcon.colcon_core.shell:Creating environment descriptor '/home/ws2/install/my_robot_controller/share/my_robot_controller/hook/ament_prefix_path.dsv'
[1.835s] INFO:colcon.colcon_core.shell:Creating environment hook '/home/ws2/install/my_robot_controller/share/my_robot_controller/hook/ament_prefix_path.sh'
[1.864s] INFO:colcon.colcon_core.shell:Skip shell extension 'powershell' for command environment: Not usable outside of PowerShell
[1.864s] DEBUG:colcon.colcon_core.shell:Skip shell extension 'dsv' for command environment
[3.773s] INFO:colcon.colcon_core.task.python.build:Building Python package in '/home/ws2/src/my_robot_controller'
[3.774s] INFO:colcon.colcon_core.shell:Skip shell extension 'powershell' for command environment: Not usable outside of PowerShell
[3.774s] DEBUG:colcon.colcon_core.shell:Skip shell extension 'dsv' for command environment
[7.409s] DEBUG:colcon.colcon_core.event_handler.log_command:Invoking command in '/home/ws2/build/my_robot_controller': PYTHONPATH=/home/ws2/build/my_robot_controller/prefix_override:/usr/lib/python3/dist-packages/colcon_core/task/python/colcon_distutils_commands:/home/ws2/install/my_robot_controller/lib/python3.10/site-packages:${PYTHONPATH} /usr/bin/python3 -W ignore:setup.py install is deprecated setup.py develop --editable --build-directory /home/ws2/build/my_robot_controller/build --no-deps symlink_data
[11.002s] Level 1:colcon.colcon_core.shell:create_environment_hook('my_robot_controller', 'pythonpath_develop')
[11.003s] INFO:colcon.colcon_core.shell:Creating environment hook '/home/ws2/build/my_robot_controller/share/my_robot_controller/hook/pythonpath_develop.ps1'
[11.004s] DEBUG:colcon.colcon_core.event_handler.log_command:Invoked command in '/home/ws2/build/my_robot_controller' returned '0': PYTHONPATH=/home/ws2/build/my_robot_controller/prefix_override:/usr/lib/python3/dist-packages/colcon_core/task/python/colcon_distutils_commands:/home/ws2/install/my_robot_controller/lib/python3.10/site-packages:${PYTHONPATH} /usr/bin/python3 -W ignore:setup.py install is deprecated setup.py develop --editable --build-directory /home/ws2/build/my_robot_controller/build --no-deps symlink_data
[11.034s] INFO:colcon.colcon_core.shell:Creating environment descriptor '/home/ws2/build/my_robot_controller/share/my_robot_controller/hook/pythonpath_develop.dsv'
[11.066s] INFO:colcon.colcon_core.shell:Creating environment hook '/home/ws2/build/my_robot_controller/share/my_robot_controller/hook/pythonpath_develop.sh'
[11.124s] Level 1:colcon.colcon_core.environment:checking '/home/ws2/install/my_robot_controller' for CMake module files
[11.257s] Level 1:colcon.colcon_core.environment:checking '/home/ws2/install/my_robot_controller' for CMake config files
[11.435s] Level 1:colcon.colcon_core.environment:checking '/home/ws2/install/my_robot_controller/lib'
[11.444s] Level 1:colcon.colcon_core.environment:checking '/home/ws2/install/my_robot_controller/bin'
[11.446s] Level 1:colcon.colcon_core.environment:checking '/home/ws2/install/my_robot_controller/lib/pkgconfig/my_robot_controller.pc'
[11.450s] Level 1:colcon.colcon_core.environment:checking '/home/ws2/install/my_robot_controller/lib/python3.10/site-packages'
[11.456s] Level 1:colcon.colcon_core.shell:create_environment_hook('my_robot_controller', 'pythonpath')
[11.457s] INFO:colcon.colcon_core.shell:Creating environment hook '/home/ws2/install/my_robot_controller/share/my_robot_controller/hook/pythonpath.ps1'
[11.488s] INFO:colcon.colcon_core.shell:Creating environment descriptor '/home/ws2/install/my_robot_controller/share/my_robot_controller/hook/pythonpath.dsv'
[11.521s] INFO:colcon.colcon_core.shell:Creating environment hook '/home/ws2/install/my_robot_controller/share/my_robot_controller/hook/pythonpath.sh'
[11.554s] Level 1:colcon.colcon_core.environment:checking '/home/ws2/install/my_robot_controller/bin'
[11.557s] Level 1:colcon.colcon_core.environment:create_environment_scripts_only(my_robot_controller)
[11.558s] INFO:colcon.colcon_core.shell:Creating package script '/home/ws2/install/my_robot_controller/share/my_robot_controller/package.ps1'
[11.585s] INFO:colcon.colcon_core.shell:Creating package descriptor '/home/ws2/install/my_robot_controller/share/my_robot_controller/package.dsv'
[11.616s] INFO:colcon.colcon_core.shell:Creating package script '/home/ws2/install/my_robot_controller/share/my_robot_controller/package.sh'
[11.642s] INFO:colcon.colcon_core.shell:Creating package script '/home/ws2/install/my_robot_controller/share/my_robot_controller/package.bash'
[11.671s] INFO:colcon.colcon_core.shell:Creating package script '/home/ws2/install/my_robot_controller/share/my_robot_controller/package.zsh'
[11.700s] Level 1:colcon.colcon_core.environment:create_file_with_runtime_dependencies(/home/ws2/install/my_robot_controller/share/colcon-core/packages/my_robot_controller)
[11.720s] DEBUG:colcon.colcon_parallel_executor.executor.parallel:closing loop
[11.721s] DEBUG:colcon.colcon_parallel_executor.executor.parallel:loop closed
[11.721s] DEBUG:colcon.colcon_parallel_executor.executor.parallel:run_until_complete finished with '0'
[11.722s] DEBUG:colcon.colcon_core.event_reactor:joining thread
[11.805s] INFO:colcon.colcon_core.plugin_system:Skipping extension 'colcon_notification.desktop_notification.notify_send': Could not find 'notify-send'
[11.806s] INFO:colcon.colcon_core.plugin_system:Skipping extension 'colcon_notification.desktop_notification.terminal_notifier': Not used on non-Darwin systems
[11.807s] INFO:colcon.colcon_core.plugin_system:Skipping extension 'colcon_notification.desktop_notification.win32': Not used on non-Windows systems
[11.807s] INFO:colcon.colcon_notification.desktop_notification:Sending desktop notification using 'notify2'
[11.822s] DEBUG:colcon.colcon_notification.desktop_notification.notify2:Failed to initialize notify2: org.freedesktop.DBus.Error.Spawn.ExecFailed: /usr/bin/dbus-launch terminated abnormally without any error message
[11.823s] DEBUG:colcon.colcon_core.event_reactor:joined thread
[11.824s] INFO:colcon.colcon_core.shell:Creating prefix script '/home/ws2/install/local_setup.ps1'
[11.837s] INFO:colcon.colcon_core.shell:Creating prefix util module '/home/ws2/install/_local_setup_util_ps1.py'
[11.853s] INFO:colcon.colcon_core.shell:Creating prefix chain script '/home/ws2/install/setup.ps1'
[11.885s] INFO:colcon.colcon_core.shell:Creating prefix script '/home/ws2/install/local_setup.sh'
[11.898s] INFO:colcon.colcon_core.shell:Creating prefix util module '/home/ws2/install/_local_setup_util_sh.py'
[11.909s] INFO:colcon.colcon_core.shell:Creating prefix chain script '/home/ws2/install/setup.sh'
[11.941s] INFO:colcon.colcon_core.shell:Creating prefix script '/home/ws2/install/local_setup.bash'
[11.955s] INFO:colcon.colcon_core.shell:Creating prefix chain script '/home/ws2/install/setup.bash'
[11.983s] INFO:colcon.colcon_core.shell:Creating prefix script '/home/ws2/install/local_setup.zsh'
[11.995s] INFO:colcon.colcon_core.shell:Creating prefix chain script '/home/ws2/install/setup.zsh'
