[4.844s] Invoking command in '/home/ws2/build/my_robot_controller': PYTHONPATH=/home/ws2/build/my_robot_controller/prefix_override:/usr/lib/python3/dist-packages/colcon_core/task/python/colcon_distutils_commands:/home/ws2/install/my_robot_controller/lib/python3.10/site-packages: /usr/bin/python3 -W ignore:setup.py install is deprecated setup.py develop --editable --build-directory /home/ws2/build/my_robot_controller/build --no-deps symlink_data --force
[6.613s] running develop
[6.615s] /usr/lib/python3/dist-packages/setuptools/command/easy_install.py:158: EasyInstallDeprecationWarning: easy_install command is deprecated. Use build and pip and other standards-based tools.
[6.618s]   warnings.warn(
[6.953s] running egg_info
[6.957s] writing my_robot_controller.egg-info/PKG-INFO
[6.967s] writing dependency_links to my_robot_controller.egg-info/dependency_links.txt
[6.974s] writing entry points to my_robot_controller.egg-info/entry_points.txt
[6.980s] writing requirements to my_robot_controller.egg-info/requires.txt
[6.984s] writing top-level names to my_robot_controller.egg-info/top_level.txt
[7.081s] reading manifest file 'my_robot_controller.egg-info/SOURCES.txt'
[7.265s] writing manifest file 'my_robot_controller.egg-info/SOURCES.txt'
[7.288s] running build_ext
[7.290s] Creating /home/ws2/install/my_robot_controller/lib/python3.10/site-packages/my-robot-controller.egg-link (link to .)
[7.339s] Installing draw_circle script to /home/ws2/install/my_robot_controller/lib/my_robot_controller
[7.388s] Installing test_node script to /home/ws2/install/my_robot_controller/lib/my_robot_controller
[7.535s] 
[7.538s] Installed /home/ws2/build/my_robot_controller
[7.545s] running symlink_data
[8.019s] symbolically linking /home/ws2/build/my_robot_controller/resource/my_robot_controller -> /home/ws2/install/my_robot_controller/share/ament_index/resource_index/packages
[8.100s] symbolically linking /home/ws2/build/my_robot_controller/package.xml -> /home/ws2/install/my_robot_controller/share/my_robot_controller
[8.239s] Invoked command in '/home/ws2/build/my_robot_controller' returned '0': PYTHONPATH=/home/ws2/build/my_robot_controller/prefix_override:/usr/lib/python3/dist-packages/colcon_core/task/python/colcon_distutils_commands:/home/ws2/install/my_robot_controller/lib/python3.10/site-packages: /usr/bin/python3 -W ignore:setup.py install is deprecated setup.py develop --editable --build-directory /home/ws2/build/my_robot_controller/build --no-deps symlink_data --force
