[0.851s] DEBUG:colcon:Command line arguments: ['/usr/bin/colcon', 'build', '--symlink-install']
[0.852s] DEBUG:colcon:Parsed command line arguments: Namespace(log_base=None, log_level=None, verb_name='build', build_base='build', install_base='install', merge_install=False, symlink_install=True, test_result_base=None, continue_on_error=False, executor='parallel', parallel_workers=8, event_handlers=None, ignore_user_meta=False, metas=['./colcon.meta'], base_paths=['.'], packages_ignore=None, packages_ignore_regex=None, paths=None, packages_up_to=None, packages_up_to_regex=None, packages_above=None, packages_above_and_dependencies=None, packages_above_depth=None, packages_select_by_dep=None, packages_skip_by_dep=None, packages_skip_up_to=None, packages_select_build_failed=False, packages_skip_build_finished=False, packages_select_test_failures=False, packages_skip_test_passed=False, packages_select=None, packages_skip=None, packages_select_regex=None, packages_skip_regex=None, packages_start=None, packages_end=None, cmake_args=None, cmake_target=None, cmake_target_skip_unavailable=False, cmake_clean_cache=False, cmake_clean_first=False, cmake_force_configure=False, ament_cmake_args=None, catkin_cmake_args=None, catkin_skip_building_tests=False, mixin_files=None, mixin=None, verb_parser=<colcon_mixin.mixin.mixin_argument.MixinArgumentDecorator object at 0x7f5fe0760640>, verb_extension=<colcon_core.verb.build.BuildVerb object at 0x7f5fe0760190>, main=<bound method BuildVerb.main of <colcon_core.verb.build.BuildVerb object at 0x7f5fe0760190>>, mixin_verb=('build',))
[1.508s] Level 1:colcon.colcon_core.package_discovery:discover_packages(colcon_meta) check parameters
[1.508s] Level 1:colcon.colcon_core.package_discovery:discover_packages(recursive) check parameters
[1.509s] Level 1:colcon.colcon_core.package_discovery:discover_packages(ignore) check parameters
[1.510s] Level 1:colcon.colcon_core.package_discovery:discover_packages(path) check parameters
[1.511s] Level 1:colcon.colcon_core.package_discovery:discover_packages(colcon_meta) discover
[1.511s] Level 1:colcon.colcon_core.package_discovery:discover_packages(recursive) discover
[1.512s] INFO:colcon.colcon_core.package_discovery:Crawling recursively for packages in '/home/ws2'
[1.515s] Level 1:colcon.colcon_core.package_identification:_identify(.) by extensions ['ignore', 'ignore_ament_install']
[1.516s] Level 1:colcon.colcon_core.package_identification:_identify(.) by extension 'ignore'
[1.519s] Level 1:colcon.colcon_core.package_identification:_identify(.) by extension 'ignore_ament_install'
[1.521s] Level 1:colcon.colcon_core.package_identification:_identify(.) by extensions ['colcon_pkg']
[1.521s] Level 1:colcon.colcon_core.package_identification:_identify(.) by extension 'colcon_pkg'
[1.522s] Level 1:colcon.colcon_core.package_identification:_identify(.) by extensions ['colcon_meta']
[1.522s] Level 1:colcon.colcon_core.package_identification:_identify(.) by extension 'colcon_meta'
[1.522s] Level 1:colcon.colcon_core.package_identification:_identify(.) by extensions ['ros']
[1.523s] Level 1:colcon.colcon_core.package_identification:_identify(.) by extension 'ros'
[1.570s] Level 1:colcon.colcon_core.package_identification:_identify(.) by extensions ['cmake', 'python']
[1.570s] Level 1:colcon.colcon_core.package_identification:_identify(.) by extension 'cmake'
[1.571s] Level 1:colcon.colcon_core.package_identification:_identify(.) by extension 'python'
[1.571s] Level 1:colcon.colcon_core.package_identification:_identify(.) by extensions ['python_setup_py']
[1.572s] Level 1:colcon.colcon_core.package_identification:_identify(.) by extension 'python_setup_py'
[1.575s] Level 1:colcon.colcon_core.package_identification:_identify(build) by extensions ['ignore', 'ignore_ament_install']
[1.575s] Level 1:colcon.colcon_core.package_identification:_identify(build) by extension 'ignore'
[1.579s] Level 1:colcon.colcon_core.package_identification:_identify(build) ignored
[1.584s] Level 1:colcon.colcon_core.package_identification:_identify(install) by extensions ['ignore', 'ignore_ament_install']
[1.585s] Level 1:colcon.colcon_core.package_identification:_identify(install) by extension 'ignore'
[1.587s] Level 1:colcon.colcon_core.package_identification:_identify(install) ignored
[1.598s] Level 1:colcon.colcon_core.package_identification:_identify(log) by extensions ['ignore', 'ignore_ament_install']
[1.599s] Level 1:colcon.colcon_core.package_identification:_identify(log) by extension 'ignore'
[1.600s] Level 1:colcon.colcon_core.package_identification:_identify(log) ignored
[1.604s] Level 1:colcon.colcon_core.package_identification:_identify(src) by extensions ['ignore', 'ignore_ament_install']
[1.605s] Level 1:colcon.colcon_core.package_identification:_identify(src) by extension 'ignore'
[1.606s] Level 1:colcon.colcon_core.package_identification:_identify(src) by extension 'ignore_ament_install'
[1.609s] Level 1:colcon.colcon_core.package_identification:_identify(src) by extensions ['colcon_pkg']
[1.610s] Level 1:colcon.colcon_core.package_identification:_identify(src) by extension 'colcon_pkg'
[1.612s] Level 1:colcon.colcon_core.package_identification:_identify(src) by extensions ['colcon_meta']
[1.613s] Level 1:colcon.colcon_core.package_identification:_identify(src) by extension 'colcon_meta'
[1.615s] Level 1:colcon.colcon_core.package_identification:_identify(src) by extensions ['ros']
[1.616s] Level 1:colcon.colcon_core.package_identification:_identify(src) by extension 'ros'
[1.621s] Level 1:colcon.colcon_core.package_identification:_identify(src) by extensions ['cmake', 'python']
[1.621s] Level 1:colcon.colcon_core.package_identification:_identify(src) by extension 'cmake'
[1.623s] Level 1:colcon.colcon_core.package_identification:_identify(src) by extension 'python'
[1.625s] Level 1:colcon.colcon_core.package_identification:_identify(src) by extensions ['python_setup_py']
[1.625s] Level 1:colcon.colcon_core.package_identification:_identify(src) by extension 'python_setup_py'
[1.636s] Level 1:colcon.colcon_core.package_identification:_identify(src/my_robot_controller) by extensions ['ignore', 'ignore_ament_install']
[1.636s] Level 1:colcon.colcon_core.package_identification:_identify(src/my_robot_controller) by extension 'ignore'
[1.638s] Level 1:colcon.colcon_core.package_identification:_identify(src/my_robot_controller) by extension 'ignore_ament_install'
[1.642s] Level 1:colcon.colcon_core.package_identification:_identify(src/my_robot_controller) by extensions ['colcon_pkg']
[1.642s] Level 1:colcon.colcon_core.package_identification:_identify(src/my_robot_controller) by extension 'colcon_pkg'
[1.645s] Level 1:colcon.colcon_core.package_identification:_identify(src/my_robot_controller) by extensions ['colcon_meta']
[1.646s] Level 1:colcon.colcon_core.package_identification:_identify(src/my_robot_controller) by extension 'colcon_meta'
[1.651s] Level 1:colcon.colcon_core.package_identification:_identify(src/my_robot_controller) by extensions ['ros']
[1.651s] Level 1:colcon.colcon_core.package_identification:_identify(src/my_robot_controller) by extension 'ros'
[1.703s] DEBUG:colcon.colcon_core.package_identification:Package 'src/my_robot_controller' with type 'ros.ament_python' and name 'my_robot_controller'
[1.704s] Level 1:colcon.colcon_core.package_discovery:discover_packages(recursive) using defaults
[1.705s] Level 1:colcon.colcon_core.package_discovery:discover_packages(ignore) discover
[1.706s] Level 1:colcon.colcon_core.package_discovery:discover_packages(ignore) using defaults
[1.706s] Level 1:colcon.colcon_core.package_discovery:discover_packages(path) discover
[1.706s] Level 1:colcon.colcon_core.package_discovery:discover_packages(path) using defaults
[1.965s] Level 5:colcon.colcon_core.verb:set package 'my_robot_controller' build argument 'cmake_args' from command line to 'None'
[1.965s] Level 5:colcon.colcon_core.verb:set package 'my_robot_controller' build argument 'cmake_target' from command line to 'None'
[1.965s] Level 5:colcon.colcon_core.verb:set package 'my_robot_controller' build argument 'cmake_target_skip_unavailable' from command line to 'False'
[1.966s] Level 5:colcon.colcon_core.verb:set package 'my_robot_controller' build argument 'cmake_clean_cache' from command line to 'False'
[1.966s] Level 5:colcon.colcon_core.verb:set package 'my_robot_controller' build argument 'cmake_clean_first' from command line to 'False'
[1.966s] Level 5:colcon.colcon_core.verb:set package 'my_robot_controller' build argument 'cmake_force_configure' from command line to 'False'
[1.967s] Level 5:colcon.colcon_core.verb:set package 'my_robot_controller' build argument 'ament_cmake_args' from command line to 'None'
[1.967s] Level 5:colcon.colcon_core.verb:set package 'my_robot_controller' build argument 'catkin_cmake_args' from command line to 'None'
[1.967s] Level 5:colcon.colcon_core.verb:set package 'my_robot_controller' build argument 'catkin_skip_building_tests' from command line to 'False'
[1.967s] DEBUG:colcon.colcon_core.verb:Building package 'my_robot_controller' with the following arguments: {'ament_cmake_args': None, 'build_base': '/home/ws2/build/my_robot_controller', 'catkin_cmake_args': None, 'catkin_skip_building_tests': False, 'cmake_args': None, 'cmake_clean_cache': False, 'cmake_clean_first': False, 'cmake_force_configure': False, 'cmake_target': None, 'cmake_target_skip_unavailable': False, 'install_base': '/home/ws2/install/my_robot_controller', 'merge_install': False, 'path': '/home/ws2/src/my_robot_controller', 'symlink_install': True, 'test_result_base': None}
[1.968s] INFO:colcon.colcon_core.executor:Executing jobs using 'parallel' executor
[1.971s] DEBUG:colcon.colcon_parallel_executor.executor.parallel:run_until_complete
[1.972s] INFO:colcon.colcon_ros.task.ament_python.build:Building ROS package in '/home/ws2/src/my_robot_controller' with build type 'ament_python'
[1.972s] Level 1:colcon.colcon_core.shell:create_environment_hook('my_robot_controller', 'ament_prefix_path')
[1.998s] INFO:colcon.colcon_core.plugin_system:Skipping extension 'colcon_core.shell.bat': Not used on non-Windows systems
[1.999s] INFO:colcon.colcon_core.shell:Creating environment hook '/home/ws2/install/my_robot_controller/share/my_robot_controller/hook/ament_prefix_path.ps1'
[2.033s] INFO:colcon.colcon_core.shell:Creating environment descriptor '/home/ws2/install/my_robot_controller/share/my_robot_controller/hook/ament_prefix_path.dsv'
[2.077s] INFO:colcon.colcon_core.shell:Creating environment hook '/home/ws2/install/my_robot_controller/share/my_robot_controller/hook/ament_prefix_path.sh'
[2.129s] INFO:colcon.colcon_core.shell:Skip shell extension 'powershell' for command environment: Not usable outside of PowerShell
[2.130s] DEBUG:colcon.colcon_core.shell:Skip shell extension 'dsv' for command environment
[3.738s] INFO:colcon.colcon_core.task.python.build:Building Python package in '/home/ws2/src/my_robot_controller'
[3.739s] INFO:colcon.colcon_core.shell:Skip shell extension 'powershell' for command environment: Not usable outside of PowerShell
[3.740s] DEBUG:colcon.colcon_core.shell:Skip shell extension 'dsv' for command environment
[6.669s] DEBUG:colcon.colcon_core.event_handler.log_command:Invoking command in '/home/ws2/build/my_robot_controller': PYTHONPATH=/home/ws2/build/my_robot_controller/prefix_override:/usr/lib/python3/dist-packages/colcon_core/task/python/colcon_distutils_commands:/home/ws2/install/my_robot_controller/lib/python3.10/site-packages:${PYTHONPATH} /usr/bin/python3 -W ignore:setup.py install is deprecated setup.py develop --editable --build-directory /home/ws2/build/my_robot_controller/build --no-deps symlink_data
[10.011s] Level 1:colcon.colcon_core.shell:create_environment_hook('my_robot_controller', 'pythonpath_develop')
[10.012s] INFO:colcon.colcon_core.shell:Creating environment hook '/home/ws2/build/my_robot_controller/share/my_robot_controller/hook/pythonpath_develop.ps1'
[10.014s] DEBUG:colcon.colcon_core.event_handler.log_command:Invoked command in '/home/ws2/build/my_robot_controller' returned '0': PYTHONPATH=/home/ws2/build/my_robot_controller/prefix_override:/usr/lib/python3/dist-packages/colcon_core/task/python/colcon_distutils_commands:/home/ws2/install/my_robot_controller/lib/python3.10/site-packages:${PYTHONPATH} /usr/bin/python3 -W ignore:setup.py install is deprecated setup.py develop --editable --build-directory /home/ws2/build/my_robot_controller/build --no-deps symlink_data
[10.043s] INFO:colcon.colcon_core.shell:Creating environment descriptor '/home/ws2/build/my_robot_controller/share/my_robot_controller/hook/pythonpath_develop.dsv'
[10.074s] INFO:colcon.colcon_core.shell:Creating environment hook '/home/ws2/build/my_robot_controller/share/my_robot_controller/hook/pythonpath_develop.sh'
[10.134s] Level 1:colcon.colcon_core.environment:checking '/home/ws2/install/my_robot_controller' for CMake module files
[10.285s] Level 1:colcon.colcon_core.environment:checking '/home/ws2/install/my_robot_controller' for CMake config files
[10.451s] Level 1:colcon.colcon_core.environment:checking '/home/ws2/install/my_robot_controller/lib'
[10.461s] Level 1:colcon.colcon_core.environment:checking '/home/ws2/install/my_robot_controller/bin'
[10.465s] Level 1:colcon.colcon_core.environment:checking '/home/ws2/install/my_robot_controller/lib/pkgconfig/my_robot_controller.pc'
[10.468s] Level 1:colcon.colcon_core.environment:checking '/home/ws2/install/my_robot_controller/lib/python3.10/site-packages'
[10.474s] Level 1:colcon.colcon_core.shell:create_environment_hook('my_robot_controller', 'pythonpath')
[10.475s] INFO:colcon.colcon_core.shell:Creating environment hook '/home/ws2/install/my_robot_controller/share/my_robot_controller/hook/pythonpath.ps1'
[10.505s] INFO:colcon.colcon_core.shell:Creating environment descriptor '/home/ws2/install/my_robot_controller/share/my_robot_controller/hook/pythonpath.dsv'
[10.537s] INFO:colcon.colcon_core.shell:Creating environment hook '/home/ws2/install/my_robot_controller/share/my_robot_controller/hook/pythonpath.sh'
[10.568s] Level 1:colcon.colcon_core.environment:checking '/home/ws2/install/my_robot_controller/bin'
[10.571s] Level 1:colcon.colcon_core.environment:create_environment_scripts_only(my_robot_controller)
[10.572s] INFO:colcon.colcon_core.shell:Creating package script '/home/ws2/install/my_robot_controller/share/my_robot_controller/package.ps1'
[10.600s] INFO:colcon.colcon_core.shell:Creating package descriptor '/home/ws2/install/my_robot_controller/share/my_robot_controller/package.dsv'
[10.627s] INFO:colcon.colcon_core.shell:Creating package script '/home/ws2/install/my_robot_controller/share/my_robot_controller/package.sh'
[10.655s] INFO:colcon.colcon_core.shell:Creating package script '/home/ws2/install/my_robot_controller/share/my_robot_controller/package.bash'
[10.685s] INFO:colcon.colcon_core.shell:Creating package script '/home/ws2/install/my_robot_controller/share/my_robot_controller/package.zsh'
[10.711s] Level 1:colcon.colcon_core.environment:create_file_with_runtime_dependencies(/home/ws2/install/my_robot_controller/share/colcon-core/packages/my_robot_controller)
[10.734s] DEBUG:colcon.colcon_parallel_executor.executor.parallel:closing loop
[10.735s] DEBUG:colcon.colcon_parallel_executor.executor.parallel:loop closed
[10.735s] DEBUG:colcon.colcon_parallel_executor.executor.parallel:run_until_complete finished with '0'
[10.736s] DEBUG:colcon.colcon_core.event_reactor:joining thread
[10.852s] INFO:colcon.colcon_core.plugin_system:Skipping extension 'colcon_notification.desktop_notification.notify_send': Could not find 'notify-send'
[10.865s] INFO:colcon.colcon_core.plugin_system:Skipping extension 'colcon_notification.desktop_notification.terminal_notifier': Not used on non-Darwin systems
[10.866s] INFO:colcon.colcon_core.plugin_system:Skipping extension 'colcon_notification.desktop_notification.win32': Not used on non-Windows systems
[10.866s] INFO:colcon.colcon_notification.desktop_notification:Sending desktop notification using 'notify2'
[10.873s] DEBUG:colcon.colcon_notification.desktop_notification.notify2:Failed to initialize notify2: org.freedesktop.DBus.Error.Spawn.ExecFailed: /usr/bin/dbus-launch terminated abnormally without any error message
[10.874s] DEBUG:colcon.colcon_core.event_reactor:joined thread
[10.875s] INFO:colcon.colcon_core.shell:Creating prefix script '/home/ws2/install/local_setup.ps1'
[10.903s] INFO:colcon.colcon_core.shell:Creating prefix util module '/home/ws2/install/_local_setup_util_ps1.py'
[10.917s] INFO:colcon.colcon_core.shell:Creating prefix chain script '/home/ws2/install/setup.ps1'
[10.947s] INFO:colcon.colcon_core.shell:Creating prefix script '/home/ws2/install/local_setup.sh'
[10.959s] INFO:colcon.colcon_core.shell:Creating prefix util module '/home/ws2/install/_local_setup_util_sh.py'
[10.970s] INFO:colcon.colcon_core.shell:Creating prefix chain script '/home/ws2/install/setup.sh'
[10.998s] INFO:colcon.colcon_core.shell:Creating prefix script '/home/ws2/install/local_setup.bash'
[11.009s] INFO:colcon.colcon_core.shell:Creating prefix chain script '/home/ws2/install/setup.bash'
[11.037s] INFO:colcon.colcon_core.shell:Creating prefix script '/home/ws2/install/local_setup.zsh'
[11.047s] INFO:colcon.colcon_core.shell:Creating prefix chain script '/home/ws2/install/setup.zsh'
