[0.624s] DEBUG:colcon:Command line arguments: ['/usr/bin/colcon', 'build', '--symlink-install']
[0.625s] DEBUG:colcon:Parsed command line arguments: Namespace(log_base=None, log_level=None, verb_name='build', build_base='build', install_base='install', merge_install=False, symlink_install=True, test_result_base=None, continue_on_error=False, executor='parallel', parallel_workers=8, event_handlers=None, ignore_user_meta=False, metas=['./colcon.meta'], base_paths=['.'], packages_ignore=None, packages_ignore_regex=None, paths=None, packages_up_to=None, packages_up_to_regex=None, packages_above=None, packages_above_and_dependencies=None, packages_above_depth=None, packages_select_by_dep=None, packages_skip_by_dep=None, packages_skip_up_to=None, packages_select_build_failed=False, packages_skip_build_finished=False, packages_select_test_failures=False, packages_skip_test_passed=False, packages_select=None, packages_skip=None, packages_select_regex=None, packages_skip_regex=None, packages_start=None, packages_end=None, cmake_args=None, cmake_target=None, cmake_target_skip_unavailable=False, cmake_clean_cache=False, cmake_clean_first=False, cmake_force_configure=False, ament_cmake_args=None, catkin_cmake_args=None, catkin_skip_building_tests=False, mixin_files=None, mixin=None, verb_parser=<colcon_mixin.mixin.mixin_argument.MixinArgumentDecorator object at 0x7fcd78780370>, verb_extension=<colcon_core.verb.build.BuildVerb object at 0x7fcd7874fe80>, main=<bound method BuildVerb.main of <colcon_core.verb.build.BuildVerb object at 0x7fcd7874fe80>>, mixin_verb=('build',))
[1.194s] Level 1:colcon.colcon_core.package_discovery:discover_packages(colcon_meta) check parameters
[1.195s] Level 1:colcon.colcon_core.package_discovery:discover_packages(recursive) check parameters
[1.196s] Level 1:colcon.colcon_core.package_discovery:discover_packages(ignore) check parameters
[1.196s] Level 1:colcon.colcon_core.package_discovery:discover_packages(path) check parameters
[1.197s] Level 1:colcon.colcon_core.package_discovery:discover_packages(colcon_meta) discover
[1.197s] Level 1:colcon.colcon_core.package_discovery:discover_packages(recursive) discover
[1.198s] INFO:colcon.colcon_core.package_discovery:Crawling recursively for packages in '/home/ws2'
[1.200s] Level 1:colcon.colcon_core.package_identification:_identify(.) by extensions ['ignore', 'ignore_ament_install']
[1.201s] Level 1:colcon.colcon_core.package_identification:_identify(.) by extension 'ignore'
[1.202s] Level 1:colcon.colcon_core.package_identification:_identify(.) by extension 'ignore_ament_install'
[1.203s] Level 1:colcon.colcon_core.package_identification:_identify(.) by extensions ['colcon_pkg']
[1.203s] Level 1:colcon.colcon_core.package_identification:_identify(.) by extension 'colcon_pkg'
[1.204s] Level 1:colcon.colcon_core.package_identification:_identify(.) by extensions ['colcon_meta']
[1.204s] Level 1:colcon.colcon_core.package_identification:_identify(.) by extension 'colcon_meta'
[1.205s] Level 1:colcon.colcon_core.package_identification:_identify(.) by extensions ['ros']
[1.205s] Level 1:colcon.colcon_core.package_identification:_identify(.) by extension 'ros'
[1.255s] Level 1:colcon.colcon_core.package_identification:_identify(.) by extensions ['cmake', 'python']
[1.256s] Level 1:colcon.colcon_core.package_identification:_identify(.) by extension 'cmake'
[1.257s] Level 1:colcon.colcon_core.package_identification:_identify(.) by extension 'python'
[1.258s] Level 1:colcon.colcon_core.package_identification:_identify(.) by extensions ['python_setup_py']
[1.259s] Level 1:colcon.colcon_core.package_identification:_identify(.) by extension 'python_setup_py'
[1.266s] Level 1:colcon.colcon_core.package_identification:_identify(build) by extensions ['ignore', 'ignore_ament_install']
[1.267s] Level 1:colcon.colcon_core.package_identification:_identify(build) by extension 'ignore'
[1.269s] Level 1:colcon.colcon_core.package_identification:_identify(build) ignored
[1.275s] Level 1:colcon.colcon_core.package_identification:_identify(install) by extensions ['ignore', 'ignore_ament_install']
[1.275s] Level 1:colcon.colcon_core.package_identification:_identify(install) by extension 'ignore'
[1.279s] Level 1:colcon.colcon_core.package_identification:_identify(install) ignored
[1.289s] Level 1:colcon.colcon_core.package_identification:_identify(log) by extensions ['ignore', 'ignore_ament_install']
[1.290s] Level 1:colcon.colcon_core.package_identification:_identify(log) by extension 'ignore'
[1.293s] Level 1:colcon.colcon_core.package_identification:_identify(log) ignored
[1.296s] Level 1:colcon.colcon_core.package_identification:_identify(src) by extensions ['ignore', 'ignore_ament_install']
[1.297s] Level 1:colcon.colcon_core.package_identification:_identify(src) by extension 'ignore'
[1.298s] Level 1:colcon.colcon_core.package_identification:_identify(src) by extension 'ignore_ament_install'
[1.299s] Level 1:colcon.colcon_core.package_identification:_identify(src) by extensions ['colcon_pkg']
[1.299s] Level 1:colcon.colcon_core.package_identification:_identify(src) by extension 'colcon_pkg'
[1.300s] Level 1:colcon.colcon_core.package_identification:_identify(src) by extensions ['colcon_meta']
[1.300s] Level 1:colcon.colcon_core.package_identification:_identify(src) by extension 'colcon_meta'
[1.301s] Level 1:colcon.colcon_core.package_identification:_identify(src) by extensions ['ros']
[1.301s] Level 1:colcon.colcon_core.package_identification:_identify(src) by extension 'ros'
[1.303s] Level 1:colcon.colcon_core.package_identification:_identify(src) by extensions ['cmake', 'python']
[1.304s] Level 1:colcon.colcon_core.package_identification:_identify(src) by extension 'cmake'
[1.304s] Level 1:colcon.colcon_core.package_identification:_identify(src) by extension 'python'
[1.305s] Level 1:colcon.colcon_core.package_identification:_identify(src) by extensions ['python_setup_py']
[1.305s] Level 1:colcon.colcon_core.package_identification:_identify(src) by extension 'python_setup_py'
[1.311s] Level 1:colcon.colcon_core.package_identification:_identify(src/my_robot_controller) by extensions ['ignore', 'ignore_ament_install']
[1.312s] Level 1:colcon.colcon_core.package_identification:_identify(src/my_robot_controller) by extension 'ignore'
[1.313s] Level 1:colcon.colcon_core.package_identification:_identify(src/my_robot_controller) by extension 'ignore_ament_install'
[1.314s] Level 1:colcon.colcon_core.package_identification:_identify(src/my_robot_controller) by extensions ['colcon_pkg']
[1.314s] Level 1:colcon.colcon_core.package_identification:_identify(src/my_robot_controller) by extension 'colcon_pkg'
[1.315s] Level 1:colcon.colcon_core.package_identification:_identify(src/my_robot_controller) by extensions ['colcon_meta']
[1.316s] Level 1:colcon.colcon_core.package_identification:_identify(src/my_robot_controller) by extension 'colcon_meta'
[1.317s] Level 1:colcon.colcon_core.package_identification:_identify(src/my_robot_controller) by extensions ['ros']
[1.317s] Level 1:colcon.colcon_core.package_identification:_identify(src/my_robot_controller) by extension 'ros'
[1.336s] DEBUG:colcon.colcon_core.package_identification:Package 'src/my_robot_controller' with type 'ros.ament_python' and name 'my_robot_controller'
[1.336s] Level 1:colcon.colcon_core.package_discovery:discover_packages(recursive) using defaults
[1.337s] Level 1:colcon.colcon_core.package_discovery:discover_packages(ignore) discover
[1.337s] Level 1:colcon.colcon_core.package_discovery:discover_packages(ignore) using defaults
[1.337s] Level 1:colcon.colcon_core.package_discovery:discover_packages(path) discover
[1.338s] Level 1:colcon.colcon_core.package_discovery:discover_packages(path) using defaults
[1.492s] Level 5:colcon.colcon_core.verb:set package 'my_robot_controller' build argument 'cmake_args' from command line to 'None'
[1.494s] Level 5:colcon.colcon_core.verb:set package 'my_robot_controller' build argument 'cmake_target' from command line to 'None'
[1.495s] Level 5:colcon.colcon_core.verb:set package 'my_robot_controller' build argument 'cmake_target_skip_unavailable' from command line to 'False'
[1.495s] Level 5:colcon.colcon_core.verb:set package 'my_robot_controller' build argument 'cmake_clean_cache' from command line to 'False'
[1.496s] Level 5:colcon.colcon_core.verb:set package 'my_robot_controller' build argument 'cmake_clean_first' from command line to 'False'
[1.496s] Level 5:colcon.colcon_core.verb:set package 'my_robot_controller' build argument 'cmake_force_configure' from command line to 'False'
[1.497s] Level 5:colcon.colcon_core.verb:set package 'my_robot_controller' build argument 'ament_cmake_args' from command line to 'None'
[1.497s] Level 5:colcon.colcon_core.verb:set package 'my_robot_controller' build argument 'catkin_cmake_args' from command line to 'None'
[1.497s] Level 5:colcon.colcon_core.verb:set package 'my_robot_controller' build argument 'catkin_skip_building_tests' from command line to 'False'
[1.498s] DEBUG:colcon.colcon_core.verb:Building package 'my_robot_controller' with the following arguments: {'ament_cmake_args': None, 'build_base': '/home/ws2/build/my_robot_controller', 'catkin_cmake_args': None, 'catkin_skip_building_tests': False, 'cmake_args': None, 'cmake_clean_cache': False, 'cmake_clean_first': False, 'cmake_force_configure': False, 'cmake_target': None, 'cmake_target_skip_unavailable': False, 'install_base': '/home/ws2/install/my_robot_controller', 'merge_install': False, 'path': '/home/ws2/src/my_robot_controller', 'symlink_install': True, 'test_result_base': None}
[1.499s] INFO:colcon.colcon_core.executor:Executing jobs using 'parallel' executor
[1.501s] DEBUG:colcon.colcon_parallel_executor.executor.parallel:run_until_complete
[1.503s] INFO:colcon.colcon_ros.task.ament_python.build:Building ROS package in '/home/ws2/src/my_robot_controller' with build type 'ament_python'
[1.503s] Level 1:colcon.colcon_core.shell:create_environment_hook('my_robot_controller', 'ament_prefix_path')
[1.531s] INFO:colcon.colcon_core.plugin_system:Skipping extension 'colcon_core.shell.bat': Not used on non-Windows systems
[1.532s] INFO:colcon.colcon_core.shell:Creating environment hook '/home/ws2/install/my_robot_controller/share/my_robot_controller/hook/ament_prefix_path.ps1'
[1.571s] INFO:colcon.colcon_core.shell:Creating environment descriptor '/home/ws2/install/my_robot_controller/share/my_robot_controller/hook/ament_prefix_path.dsv'
[1.607s] INFO:colcon.colcon_core.shell:Creating environment hook '/home/ws2/install/my_robot_controller/share/my_robot_controller/hook/ament_prefix_path.sh'
[1.653s] INFO:colcon.colcon_core.shell:Skip shell extension 'powershell' for command environment: Not usable outside of PowerShell
[1.653s] DEBUG:colcon.colcon_core.shell:Skip shell extension 'dsv' for command environment
[3.166s] INFO:colcon.colcon_core.task.python.build:Building Python package in '/home/ws2/src/my_robot_controller'
[3.167s] INFO:colcon.colcon_core.shell:Skip shell extension 'powershell' for command environment: Not usable outside of PowerShell
[3.167s] DEBUG:colcon.colcon_core.shell:Skip shell extension 'dsv' for command environment
[6.054s] DEBUG:colcon.colcon_core.task.python.build:While undoing a previous installation files outside the Python library path are being ignored: /home/ws2/install/my_robot_controller/share/ament_index/resource_index/packages/my_robot_controller
[6.062s] DEBUG:colcon.colcon_core.task.python.build:While undoing a previous installation files outside the Python library path are being ignored: /home/ws2/install/my_robot_controller/share/my_robot_controller/package.xml
[6.251s] DEBUG:colcon.colcon_core.task.python.build:While undoing a previous installation files outside the Python library path are being ignored: /home/ws2/install/my_robot_controller/lib/my_robot_controller/test_node
[6.420s] DEBUG:colcon.colcon_core.event_handler.log_command:Invoking command in '/home/ws2/build/my_robot_controller': PYTHONPATH=/home/ws2/build/my_robot_controller/prefix_override:/usr/lib/python3/dist-packages/colcon_core/task/python/colcon_distutils_commands:/home/ws2/install/my_robot_controller/lib/python3.10/site-packages:${PYTHONPATH} /usr/bin/python3 -W ignore:setup.py install is deprecated setup.py develop --editable --build-directory /home/ws2/build/my_robot_controller/build --no-deps symlink_data --force
[9.406s] Level 1:colcon.colcon_core.shell:create_environment_hook('my_robot_controller', 'pythonpath_develop')
[9.408s] INFO:colcon.colcon_core.shell:Creating environment hook '/home/ws2/build/my_robot_controller/share/my_robot_controller/hook/pythonpath_develop.ps1'
[9.413s] DEBUG:colcon.colcon_core.event_handler.log_command:Invoked command in '/home/ws2/build/my_robot_controller' returned '0': PYTHONPATH=/home/ws2/build/my_robot_controller/prefix_override:/usr/lib/python3/dist-packages/colcon_core/task/python/colcon_distutils_commands:/home/ws2/install/my_robot_controller/lib/python3.10/site-packages:${PYTHONPATH} /usr/bin/python3 -W ignore:setup.py install is deprecated setup.py develop --editable --build-directory /home/ws2/build/my_robot_controller/build --no-deps symlink_data --force
[9.463s] INFO:colcon.colcon_core.shell:Creating environment descriptor '/home/ws2/build/my_robot_controller/share/my_robot_controller/hook/pythonpath_develop.dsv'
[9.501s] INFO:colcon.colcon_core.shell:Creating environment hook '/home/ws2/build/my_robot_controller/share/my_robot_controller/hook/pythonpath_develop.sh'
[9.581s] Level 1:colcon.colcon_core.environment:checking '/home/ws2/install/my_robot_controller' for CMake module files
[9.740s] Level 1:colcon.colcon_core.environment:checking '/home/ws2/install/my_robot_controller' for CMake config files
[9.966s] Level 1:colcon.colcon_core.environment:checking '/home/ws2/install/my_robot_controller/lib'
[9.979s] Level 1:colcon.colcon_core.environment:checking '/home/ws2/install/my_robot_controller/bin'
[9.982s] Level 1:colcon.colcon_core.environment:checking '/home/ws2/install/my_robot_controller/lib/pkgconfig/my_robot_controller.pc'
[9.987s] Level 1:colcon.colcon_core.environment:checking '/home/ws2/install/my_robot_controller/lib/python3.10/site-packages'
[9.994s] Level 1:colcon.colcon_core.shell:create_environment_hook('my_robot_controller', 'pythonpath')
[9.995s] INFO:colcon.colcon_core.shell:Creating environment hook '/home/ws2/install/my_robot_controller/share/my_robot_controller/hook/pythonpath.ps1'
[10.034s] INFO:colcon.colcon_core.shell:Creating environment descriptor '/home/ws2/install/my_robot_controller/share/my_robot_controller/hook/pythonpath.dsv'
[10.072s] INFO:colcon.colcon_core.shell:Creating environment hook '/home/ws2/install/my_robot_controller/share/my_robot_controller/hook/pythonpath.sh'
[10.113s] Level 1:colcon.colcon_core.environment:checking '/home/ws2/install/my_robot_controller/bin'
[10.117s] Level 1:colcon.colcon_core.environment:create_environment_scripts_only(my_robot_controller)
[10.118s] INFO:colcon.colcon_core.shell:Creating package script '/home/ws2/install/my_robot_controller/share/my_robot_controller/package.ps1'
[10.154s] INFO:colcon.colcon_core.shell:Creating package descriptor '/home/ws2/install/my_robot_controller/share/my_robot_controller/package.dsv'
[10.191s] INFO:colcon.colcon_core.shell:Creating package script '/home/ws2/install/my_robot_controller/share/my_robot_controller/package.sh'
[10.232s] INFO:colcon.colcon_core.shell:Creating package script '/home/ws2/install/my_robot_controller/share/my_robot_controller/package.bash'
[10.268s] INFO:colcon.colcon_core.shell:Creating package script '/home/ws2/install/my_robot_controller/share/my_robot_controller/package.zsh'
[10.300s] Level 1:colcon.colcon_core.environment:create_file_with_runtime_dependencies(/home/ws2/install/my_robot_controller/share/colcon-core/packages/my_robot_controller)
[10.324s] DEBUG:colcon.colcon_parallel_executor.executor.parallel:closing loop
[10.326s] DEBUG:colcon.colcon_parallel_executor.executor.parallel:loop closed
[10.327s] DEBUG:colcon.colcon_parallel_executor.executor.parallel:run_until_complete finished with '0'
[10.330s] DEBUG:colcon.colcon_core.event_reactor:joining thread
[10.416s] INFO:colcon.colcon_core.plugin_system:Skipping extension 'colcon_notification.desktop_notification.notify_send': Could not find 'notify-send'
[10.417s] INFO:colcon.colcon_core.plugin_system:Skipping extension 'colcon_notification.desktop_notification.terminal_notifier': Not used on non-Darwin systems
[10.418s] INFO:colcon.colcon_core.plugin_system:Skipping extension 'colcon_notification.desktop_notification.win32': Not used on non-Windows systems
[10.418s] INFO:colcon.colcon_notification.desktop_notification:Sending desktop notification using 'notify2'
[10.424s] DEBUG:colcon.colcon_notification.desktop_notification.notify2:Failed to initialize notify2: org.freedesktop.DBus.Error.Spawn.ExecFailed: /usr/bin/dbus-launch terminated abnormally without any error message
[10.426s] DEBUG:colcon.colcon_core.event_reactor:joined thread
[10.429s] INFO:colcon.colcon_core.shell:Creating prefix script '/home/ws2/install/local_setup.ps1'
[10.446s] INFO:colcon.colcon_core.shell:Creating prefix util module '/home/ws2/install/_local_setup_util_ps1.py'
[10.462s] INFO:colcon.colcon_core.shell:Creating prefix chain script '/home/ws2/install/setup.ps1'
[10.497s] INFO:colcon.colcon_core.shell:Creating prefix script '/home/ws2/install/local_setup.sh'
[10.512s] INFO:colcon.colcon_core.shell:Creating prefix util module '/home/ws2/install/_local_setup_util_sh.py'
[10.524s] INFO:colcon.colcon_core.shell:Creating prefix chain script '/home/ws2/install/setup.sh'
[10.559s] INFO:colcon.colcon_core.shell:Creating prefix script '/home/ws2/install/local_setup.bash'
[10.573s] INFO:colcon.colcon_core.shell:Creating prefix chain script '/home/ws2/install/setup.bash'
[10.608s] INFO:colcon.colcon_core.shell:Creating prefix script '/home/ws2/install/local_setup.zsh'
[10.622s] INFO:colcon.colcon_core.shell:Creating prefix chain script '/home/ws2/install/setup.zsh'
