[4.004s] Invoking command in '/home/ws2/build/my_robot_controller': PYTHONPATH=/home/ws2/build/my_robot_controller/prefix_override:/usr/lib/python3/dist-packages/colcon_core/task/python/colcon_distutils_commands:/home/ws2/install/my_robot_controller/lib/python3.10/site-packages:${PYTHONPATH} /usr/bin/python3 -W ignore:setup.py install is deprecated setup.py develop --editable --build-directory /home/ws2/build/my_robot_controller/build --no-deps symlink_data
[5.464s] running develop
[5.468s] /usr/lib/python3/dist-packages/setuptools/command/easy_install.py:158: EasyInstallDeprecationWarning: easy_install command is deprecated. Use build and pip and other standards-based tools.
[5.470s]   warnings.warn(
[6.031s] running egg_info
[6.034s] writing my_robot_controller.egg-info/PKG-INFO
[6.042s] writing dependency_links to my_robot_controller.egg-info/dependency_links.txt
[6.050s] writing entry points to my_robot_controller.egg-info/entry_points.txt
[6.056s] writing requirements to my_robot_controller.egg-info/requires.txt
[6.062s] writing top-level names to my_robot_controller.egg-info/top_level.txt
[6.163s] reading manifest file 'my_robot_controller.egg-info/SOURCES.txt'
[6.317s] writing manifest file 'my_robot_controller.egg-info/SOURCES.txt'
[6.340s] running build_ext
[6.342s] Creating /home/ws2/install/my_robot_controller/lib/python3.10/site-packages/my-robot-controller.egg-link (link to .)
[6.382s] Installing draw_circle script to /home/ws2/install/my_robot_controller/lib/my_robot_controller
[6.420s] Installing test_node script to /home/ws2/install/my_robot_controller/lib/my_robot_controller
[6.465s] 
[6.467s] Installed /home/ws2/build/my_robot_controller
[6.473s] running symlink_data
[6.604s] Invoked command in '/home/ws2/build/my_robot_controller' returned '0': PYTHONPATH=/home/ws2/build/my_robot_controller/prefix_override:/usr/lib/python3/dist-packages/colcon_core/task/python/colcon_distutils_commands:/home/ws2/install/my_robot_controller/lib/python3.10/site-packages:${PYTHONPATH} /usr/bin/python3 -W ignore:setup.py install is deprecated setup.py develop --editable --build-directory /home/ws2/build/my_robot_controller/build --no-deps symlink_data
