[5.656s] Invoking command in '/home/ws2/build/my_robot_controller': PYTHONPATH=/home/ws2/build/my_robot_controller/prefix_override:/usr/lib/python3/dist-packages/colcon_core/task/python/colcon_distutils_commands:/home/ws2/install/my_robot_controller/lib/python3.10/site-packages:${PYTHONPATH} /usr/bin/python3 -W ignore:setup.py install is deprecated setup.py develop --editable --build-directory /home/ws2/build/my_robot_controller/build --no-deps symlink_data
[7.668s] running develop
[7.670s] /usr/lib/python3/dist-packages/setuptools/command/easy_install.py:158: EasyInstallDeprecationWarning: easy_install command is deprecated. Use build and pip and other standards-based tools.
[7.672s]   warnings.warn(
[8.528s] running egg_info
[8.533s] writing my_robot_controller.egg-info/PKG-INFO
[8.549s] writing dependency_links to my_robot_controller.egg-info/dependency_links.txt
[8.559s] writing entry points to my_robot_controller.egg-info/entry_points.txt
[8.568s] writing requirements to my_robot_controller.egg-info/requires.txt
[8.573s] writing top-level names to my_robot_controller.egg-info/top_level.txt
[8.694s] reading manifest file 'my_robot_controller.egg-info/SOURCES.txt'
[8.889s] writing manifest file 'my_robot_controller.egg-info/SOURCES.txt'
[8.915s] running build_ext
[8.917s] Creating /home/ws2/install/my_robot_controller/lib/python3.10/site-packages/my-robot-controller.egg-link (link to .)
[8.964s] Installing draw_circle script to /home/ws2/install/my_robot_controller/lib/my_robot_controller
[9.004s] Installing pose_subscriber script to /home/ws2/install/my_robot_controller/lib/my_robot_controller
[9.040s] Installing test_node script to /home/ws2/install/my_robot_controller/lib/my_robot_controller
[9.090s] 
[9.092s] Installed /home/ws2/build/my_robot_controller
[9.098s] running symlink_data
[9.251s] Invoked command in '/home/ws2/build/my_robot_controller' returned '0': PYTHONPATH=/home/ws2/build/my_robot_controller/prefix_override:/usr/lib/python3/dist-packages/colcon_core/task/python/colcon_distutils_commands:/home/ws2/install/my_robot_controller/lib/python3.10/site-packages:${PYTHONPATH} /usr/bin/python3 -W ignore:setup.py install is deprecated setup.py develop --editable --build-directory /home/ws2/build/my_robot_controller/build --no-deps symlink_data
